make --dry-run --keep-going --print-directory
make: Entering directory `/Users/anastasiadementeva/Desktop/projects/Wolf3d'
mkdir -p objs/
mkdir -p  objs/gnl/ objs/analyse_map/
cc -Wall -Werror -Wextra -g  -c main.c -o objs/main.o
 
mkdir -p objs/
mkdir -p  objs/gnl/ objs/analyse_map/
cc -Wall -Werror -Wextra -g  -c gnl/get_next_line.c -o objs/gnl/get_next_line.o
mkdir -p objs/
mkdir -p  objs/gnl/ objs/analyse_map/
cc -Wall -Werror -Wextra -g  -c gnl/get_next_line_utils.c -o objs/gnl/get_next_line_utils.o
mkdir -p objs/
mkdir -p  objs/gnl/ objs/analyse_map/
cc -Wall -Werror -Wextra -g  -c analyse_map/copy_map_to_array.c -o objs/analyse_map/copy_map_to_array.o
mkdir -p objs/
mkdir -p  objs/gnl/ objs/analyse_map/
cc -Wall -Werror -Wextra -g  -c analyse_map/check_format_map.c -o objs/analyse_map/check_format_map.o
mkdir -p objs/
mkdir -p  objs/gnl/ objs/analyse_map/
cc -Wall -Werror -Wextra -g  -c analyse_map/init_array_map.c -o objs/analyse_map/init_array_map.o
mkdir -p objs/
mkdir -p  objs/gnl/ objs/analyse_map/
cc -Wall -Werror -Wextra -g  -c analyse_map/init_texture_struct.c -o objs/analyse_map/init_texture_struct.o
mkdir -p objs/
mkdir -p  objs/gnl/ objs/analyse_map/
cc -Wall -Werror -Wextra -g  -c analyse_map/get_color_image_texture.c -o objs/analyse_map/get_color_image_texture.o
mkdir -p objs/
mkdir -p  objs/gnl/ objs/analyse_map/
cc -Wall -Werror -Wextra -g  -c analyse_map/write_textures_to_struct.c -o objs/analyse_map/write_textures_to_struct.o
mkdir -p objs/
mkdir -p  objs/gnl/ objs/analyse_map/
cc -Wall -Werror -Wextra -g  -c analyse_map/check_game_map.c -o objs/analyse_map/check_game_map.o
mkdir -p objs/
mkdir -p  objs/gnl/ objs/analyse_map/
cc -Wall -Werror -Wextra -g  -c analyse_map/trim_game_map.c -o objs/analyse_map/trim_game_map.o
mkdir -p objs/
mkdir -p  objs/gnl/ objs/analyse_map/
cc -Wall -Werror -Wextra -g  -c analyse_map/checker_function.c -o objs/analyse_map/checker_function.o
mkdir -p objs/
mkdir -p  objs/gnl/ objs/analyse_map/
cc -Wall -Werror -Wextra -g  -c analyse_map/check_utils.c -o objs/analyse_map/check_utils.o
mkdir -p objs/
mkdir -p  objs/gnl/ objs/analyse_map/
cc -Wall -Werror -Wextra -g  -c handling_errors.c -o objs/handling_errors.o
mkdir -p objs/
mkdir -p  objs/gnl/ objs/analyse_map/
cc -Wall -Werror -Wextra -g  -c ft_isspace.c -o objs/ft_isspace.o
mkdir -p objs/
mkdir -p  objs/gnl/ objs/analyse_map/
cc -Wall -Werror -Wextra -g  -c init_player.c -o objs/init_player.o
mkdir -p objs/
mkdir -p  objs/gnl/ objs/analyse_map/
cc -Wall -Werror -Wextra -g  -c game.c -o objs/game.o
mkdir -p objs/
mkdir -p  objs/gnl/ objs/analyse_map/
cc -Wall -Werror -Wextra -g  -c init_imgs.c -o objs/init_imgs.o
mkdir -p objs/
mkdir -p  objs/gnl/ objs/analyse_map/
cc -Wall -Werror -Wextra -g  -c paint_engine.c -o objs/paint_engine.o
 
cc -Wall -Werror -Wextra -g   -lft -L./libft/ -lmlx -lm -L./minilibx_macos/ -framework OpenGL -framework AppKit objs/main.o objs/gnl/get_next_line.o objs/gnl/get_next_line_utils.o objs/analyse_map/copy_map_to_array.o objs/analyse_map/check_format_map.o objs/analyse_map/init_array_map.o objs/analyse_map/init_texture_struct.o objs/analyse_map/get_color_image_texture.o objs/analyse_map/write_textures_to_struct.o objs/analyse_map/check_game_map.o objs/analyse_map/trim_game_map.o objs/analyse_map/checker_function.o objs/analyse_map/check_utils.o objs/handling_errors.o objs/ft_isspace.o objs/init_player.o objs/game.o objs/init_imgs.o objs/paint_engine.o -o cub3D
echo "\n\033[7m cub3D: \033[0;32mobject files were created\033[0m"
echo "\033[7m cub3D: \033[0;32mcub3D was created\033[0m"
make: Leaving directory `/Users/anastasiadementeva/Desktop/projects/Wolf3d'
 
