make all --print-data-base --no-builtin-variables --no-builtin-rules --question
# GNU Make 3.81
# Copyright (C) 2006  Free Software Foundation, Inc.
# This is free software; see the source for copying conditions.
# There is NO warranty; not even for MERCHANTABILITY or FITNESS FOR A
# PARTICULAR PURPOSE.

# This program built for i386-apple-darwin11.3.0
 

# Make data base, printed on Mon Jul 18 11:47:53 2022

# Variables

# automatic
<D = $(patsubst %/,%,$(dir $<))
# automatic
?F = $(notdir $?)
# environment
VSCODE_LOG_NATIVE = false
# automatic
?D = $(patsubst %/,%,$(dir $?))
# makefile (from `Makefile', line 32)
DIR_SRC = $(OBJS_DIR)$(GNL_D) $(OBJS_DIR)$(ANLS_MAP_D) $(OBJS_DIR)$(KEY_C_D)
# automatic
@D = $(patsubst %/,%,$(dir $@))
# automatic
@F = $(notdir $@)
# makefile
CURDIR := /Users/anastasiadementeva/Desktop/projects/Wolf3d
# makefile
SHELL = /bin/sh
# environment
VSCODE_NLS_CONFIG = {"locale":"ru","availableLanguages":{},"_languagePackSupport":true}
# environment
_ = /usr/bin/make
# makefile (from `Makefile', line 1)
MAKEFILE_LIST :=  Makefile
# makefile (from `Makefile', line 30)
KEY_C_D = key_control/
# environment
VSCODE_VERBOSE_LOGGING = true
# environment
__CFBundleIdentifier = com.microsoft.VSCode
# environment
VSCODE_IPC_HOOK_EXTHOST = /var/folders/v6/_pmsvg_n0jnfrjfd4ygwk2p00000gn/T/vscode-ipc-41857e0c-863b-4bb4-9c4a-6e5e34648df8.sock
# environment
VSCODE_CWD = /
# environment
PATH = /Library/Frameworks/Python.framework/Versions/3.9/bin:/usr/local/bin:/usr/bin:/bin:/usr/sbin:/sbin:/usr/local/share/dotnet:~/.dotnet/tools:/Library/Apple/usr/bin:/Library/Frameworks/Mono.framework/Versions/Current/Commands:/Users/anastasiadementeva/Library/Application Support/Coursier/bin
# environment
VSCODE_LOG_STACK = false
# environment
ELECTRON_RUN_AS_NODE = 1
# default
.FEATURES := target-specific order-only second-expansion else-if archives jobserver check-symlink
# makefile (from `Makefile', line 27)
ANLS_MAP_D = analyse_map/
# makefile (from `Makefile', line 14)
MINILIBX = $(MINILIBX_DIRECTORY)libmlx.a
# environment
SSH_AUTH_SOCK = /private/tmp/com.apple.launchd.FE3kmjpp1O/Listeners
# automatic
%F = $(notdir $%)
# makefile (from `Makefile', line 29)
KEY_C_S = init_control_key.c key_control.c mouse_control.c
# environment
VSCODE_PIPE_LOGGING = true
# makefile (from `Makefile', line 44)
OBJS = $(SOURCES_S:%.c=%.o)
# environment
PWD = /Users/anastasiadementeva/Desktop/projects/Wolf3d
# environment
ORIGINAL_XDG_CURRENT_DESKTOP = undefined
# makefile (from `Makefile', line 48)
GREEN = \033[0;32m
# environment
VSCODE_AMD_ENTRYPOINT = vs/workbench/services/extensions/node/extensionHostProcess
# environment
HOME = /Users/anastasiadementeva
# makefile (from `Makefile', line 51)
MARK = \033[7m
# default
MAKEFILEPATH := /Applications/Xcode.app/Contents/Developer/Makefiles
# environment
VSCODE_CODE_CACHE_PATH = /Users/anastasiadementeva/Library/Application Support/Code/CachedData/7db1a2b88f7557e0a43fec75b6ba7e50b3e9f77e
# environment
LOGNAME = anastasiadementeva
# environment
APPLICATION_INSIGHTS_NO_DIAGNOSTIC_CHANNEL = true
# environment
VSCODE_HANDLES_UNCAUGHT_ERRORS = true
# automatic
^D = $(patsubst %/,%,$(dir $^))
# makefile (from `Makefile', line 22)
GNL_D = gnl/
# makefile (from `Makefile', line 16)
MINILIBX_HEADERS = $(MINILIBX_DIRECTORY)
# environment
XPC_FLAGS = 0x0
# default
MAKE = $(MAKE_COMMAND)
# default
MAKECMDGOALS := all
# environment
SHLVL = 1
# makefile (from `Makefile', line 10)
LIBFT = $(LIBFT_DIRECTORY)libft.a
# makefile (from `Makefile', line 3)
CC = cc
# makefile (from `Makefile', line 15)
MINILIBX_DIRECTORY = ./minilibx_macos/
# default
MAKE_VERSION := 3.81
# environment
USER = anastasiadementeva
# makefile (from `Makefile', line 50)
CROSS = \033[9m
# makefile
.DEFAULT_GOAL := all
# makefile (from `Makefile', line 1)
NAME = cub3D
# makefile (from `Makefile', line 24)
ANLS_MAP_S = copy_map_to_array.c check_format_map.c init_array_map.c init_texture_struct.c get_color_image_texture.c write_textures_to_struct.c check_game_map.c trim_game_map.c checker_function.c check_utils.c ft_isspace.c
# automatic
%D = $(patsubst %/,%,$(dir $%))
# default
MAKE_COMMAND := /Applications/Xcode.app/Contents/Developer/usr/bin/make
# default
.VARIABLES := 
# environment
TMPDIR = /var/folders/v6/_pmsvg_n0jnfrjfd4ygwk2p00000gn/T/
# automatic
*F = $(notdir $*)
# environment
VSCODE_IPC_HOOK = /Users/anastasiadementeva/Library/Application Support/Code/1.63.0-main.sock
# makefile (from `Makefile', line 49)
RED = \033[0;31m
# makefile
MAKEFLAGS = Rrqp
# environment
MFLAGS = -Rrqp
# automatic
*D = $(patsubst %/,%,$(dir $*))
# environment
XPC_SERVICE_NAME = application.com.microsoft.VSCode.13070837.13070843
# makefile (from `Makefile', line 45)
OBJS_DIR = objs/
# automatic
+D = $(patsubst %/,%,$(dir $+))
# makefile (from `Makefile', line 19)
HEADERS_DIRECTORY = .
# automatic
+F = $(notdir $+)
# makefile (from `Makefile', line 12)
LIBFT_HEADERS = $(LIBFT_DIRECTORY)
# environment
__CF_USER_TEXT_ENCODING = 0x1F5:0x7:0x31
# environment
COMMAND_MODE = unix2003
# default
MAKEFILES := 
# makefile (from `Makefile', line 11)
LIBFT_DIRECTORY = ./libft/
# automatic
<F = $(notdir $<)
# makefile (from `Makefile', line 21)
GNL_S = get_next_line.c get_next_line_utils.c
# environment
LC_ALL = C
# makefile (from `Makefile', line 52)
RESET = \033[0m
# makefile (from `Makefile', line 8)
LIBRARIES = -lft -L$(LIBFT_DIRECTORY) -lmlx -lm -L$(MINILIBX_DIRECTORY) -framework OpenGL -framework AppKit
# makefile (from `Makefile', line 18)
HEADER = cub3d.h $(GNL_D)/get_next_line.h $(ANLS_MAP_D)/analyse_map.h
# automatic
^F = $(notdir $^)
# makefile (from `Makefile', line 34)
SOURCES_S = main.c $(addprefix gnl/, $(GNL_S)) $(addprefix analyse_map/, $(ANLS_MAP_S)) $(addprefix key_control/, $(KEY_C_S)) handling_errors.c init_player.c game.c init_imgs.c paint_engine.c raycast_utils.c raycast.c draw_minimap.c draw_sprites.c find_pos_sprites.c
# default
SUFFIXES := 
# makefile (from `Makefile', line 5)
FLAGS = -Wall -Werror -Wextra -g
# environment
MAKELEVEL := 0
# makefile (from `Makefile', line 46)
OBJECTS = $(addprefix $(OBJS_DIR), $(OBJS))
# environment
LANG = C
# environment
VSCODE_PID = 6244
# variable set hash-table stats:
# Load=89/1024=9%, Rehash=0, Collisions=6/135=4%

# Pattern-specific Variable Values

# No pattern-specific variable values.

# Directories

# . (device 16777232, inode 22604872): 31 files, no impossibilities.
# gnl/ (device 16777232, inode 22604989): 5 files, no impossibilities so far.
# gnl (device 16777232, inode 22604989): 5 files, no impossibilities so far.
# analyse_map/ (device 16777232, inode 22604973): 14 files, no impossibilities so far.
# key_control (device 16777232, inode 22605801): 5 files, no impossibilities so far.
# analyse_map (device 16777232, inode 22604973): 14 files, no impossibilities so far.
# libft/ (device 16777232, inode 22604997): 94 files, no impossibilities.

# 168 files, no impossibilities in 7 directories.

# Implicit Rules

objs/%.o: %.c cub3d.h gnl//get_next_line.h analyse_map//analyse_map.h
#  commands to execute (from `Makefile', line 64):
	@mkdir -p $(OBJS_DIR)
	@mkdir -p  $(DIR_SRC)
	$(CC) $(FLAGS) $(INCLUDES) -c $< -o $@
	

# 1 implicit rules, 0 (0.0%) terminal.

# Files

# Not a target:
draw_minimap.c:
#  Implicit rule search has been done.
#  Last modified 2022-07-17 09:34:01
#  File has been updated.
#  Successfully updated.
# variable set hash-table stats:
# Load=0/32=0%, Rehash=0, Collisions=0/0=0%

objs/key_control/mouse_control.o: key_control/mouse_control.c cub3d.h gnl//get_next_line.h analyse_map//analyse_map.h
#  Implicit rule search has been done.
#  Implicit/static pattern stem: `key_control/mouse_control'
#  Last modified 2022-07-17 11:15:51
#  File has been updated.
#  Successfully updated.
# variable set hash-table stats:
# Load=0/32=0%, Rehash=0, Collisions=0/0=0%
#  commands to execute (from `Makefile', line 64):
	@mkdir -p $(OBJS_DIR)
	@mkdir -p  $(DIR_SRC)
	$(CC) $(FLAGS) $(INCLUDES) -c $< -o $@
	

objs/key_control/init_control_key.o: key_control/init_control_key.c cub3d.h gnl//get_next_line.h analyse_map//analyse_map.h
#  Implicit rule search has been done.
#  Implicit/static pattern stem: `key_control/init_control_key'
#  Last modified 2022-07-17 11:15:51
#  File has been updated.
#  Successfully updated.
# variable set hash-table stats:
# Load=0/32=0%, Rehash=0, Collisions=0/0=0%
#  commands to execute (from `Makefile', line 64):
	@mkdir -p $(OBJS_DIR)
	@mkdir -p  $(DIR_SRC)
	$(CC) $(FLAGS) $(INCLUDES) -c $< -o $@
	

# Not a target:
 
libft//ft_strlcpy.c:
#  Implicit rule search has been done.
#  Last modified 2022-07-17 09:30:13
#  File has been updated.
#  Successfully updated.
# variable set hash-table stats:
# Load=0/32=0%, Rehash=0, Collisions=0/0=0%

# Not a target:
libft//ft_substr.c:
#  Implicit rule search has been done.
#  Last modified 2022-07-17 09:30:13
#  File has been updated.
#  Successfully updated.
# variable set hash-table stats:
# Load=0/32=0%, Rehash=0, Collisions=0/0=0%

# Not a target:
game.c:
#  Implicit rule search has been done.
#  Last modified 2022-07-17 09:34:01
#  File has been updated.
#  Successfully updated.
# variable set hash-table stats:
# Load=0/32=0%, Rehash=0, Collisions=0/0=0%

# Not a target:
libft//ft_lstmap.c:
#  Implicit rule search has been done.
#  Last modified 2022-07-17 09:30:13
#  File has been updated.
#  Successfully updated.
# variable set hash-table stats:
# Load=0/32=0%, Rehash=0, Collisions=0/0=0%

# Not a target:
libft//ft_strncmp.c:
#  Implicit rule search has been done.
#  Last modified 2022-07-17 09:30:13
#  File has been updated.
#  Successfully updated.
# variable set hash-table stats:
# Load=0/32=0%, Rehash=0, Collisions=0/0=0%

# Not a target:
init_player.c:
#  Implicit rule search has been done.
#  Last modified 2022-07-17 09:30:13
#  File has been updated.
#  Successfully updated.
# variable set hash-table stats:
# Load=0/32=0%, Rehash=0, Collisions=0/0=0%

# Not a target:
analyse_map/check_format_map.c:
#  Implicit rule search has been done.
#  Last modified 2022-07-17 09:30:13
#  File has been updated.
#  Successfully updated.
# variable set hash-table stats:
# Load=0/32=0%, Rehash=0, Collisions=0/0=0%

objs/main.o: main.c cub3d.h gnl//get_next_line.h analyse_map//analyse_map.h
#  Implicit rule search has been done.
#  Implicit/static pattern stem: `main'
#  Last modified 2022-07-17 11:15:50
#  File has been updated.
#  Successfully updated.
# variable set hash-table stats:
# Load=0/32=0%, Rehash=0, Collisions=0/0=0%
#  commands to execute (from `Makefile', line 64):
	@mkdir -p $(OBJS_DIR)
	@mkdir -p  $(DIR_SRC)
	$(CC) $(FLAGS) $(INCLUDES) -c $< -o $@
	

objs/analyse_map/check_format_map.o: analyse_map/check_format_map.c cub3d.h gnl//get_next_line.h analyse_map//analyse_map.h
#  Implicit rule search has been done.
#  Implicit/static pattern stem: `analyse_map/check_format_map'
#  Last modified 2022-07-17 11:15:51
#  File has been updated.
#  Successfully updated.
# variable set hash-table stats:
# Load=0/32=0%, Rehash=0, Collisions=0/0=0%
#  commands to execute (from `Makefile', line 64):
	@mkdir -p $(OBJS_DIR)
	@mkdir -p  $(DIR_SRC)
	$(CC) $(FLAGS) $(INCLUDES) -c $< -o $@
	

# Not a target:
libft//ft_isalnum.c:
#  Implicit rule search has been done.
#  Last modified 2022-07-17 09:30:13
#  File has been updated.
#  Successfully updated.
# variable set hash-table stats:
# Load=0/32=0%, Rehash=0, Collisions=0/0=0%

# Not a target:
key_control/mouse_control.c:
#  Implicit rule search has been done.
#  Last modified 2022-07-17 09:32:04
#  File has been updated.
#  Successfully updated.
# variable set hash-table stats:
# Load=0/32=0%, Rehash=0, Collisions=0/0=0%

all: cub3D
#  Phony target (prerequisite of .PHONY).
#  Command-line target.
#  Implicit rule search has not been done.
#  File does not exist.
#  File has been updated.
#  Successfully updated.
# variable set hash-table stats:
# Load=0/32=0%, Rehash=0, Collisions=0/0=0%

clno:
#  Phony target (prerequisite of .PHONY).
#  Implicit rule search has not been done.
#  File does not exist.
#  File has not been updated.

# Not a target:
key_control/init_control_key.c:
#  Implicit rule search has been done.
#  Last modified 2022-07-17 09:32:04
#  File has been updated.
#  Successfully updated.
# variable set hash-table stats:
# Load=0/32=0%, Rehash=0, Collisions=0/0=0%

# Not a target:
libft//ft_lstadd_front.c:
#  Implicit rule search has been done.
#  Last modified 2022-07-17 09:30:13
#  File has been updated.
#  Successfully updated.
# variable set hash-table stats:
# Load=0/32=0%, Rehash=0, Collisions=0/0=0%

# Not a target:
gnl/get_next_line.c:
#  Implicit rule search has been done.
#  Last modified 2022-07-17 09:30:13
#  File has been updated.
#  Successfully updated.
# variable set hash-table stats:
# Load=0/32=0%, Rehash=0, Collisions=0/0=0%

# Not a target:
libft//ft_strdup.c:
#  Implicit rule search has been done.
#  Last modified 2022-07-17 09:30:13
#  File has been updated.
#  Successfully updated.
# variable set hash-table stats:
# Load=0/32=0%, Rehash=0, Collisions=0/0=0%

.PHONY: all clean fclean re bonus clno
#  Implicit rule search has not been done.
#  Modification time never checked.
#  File has not been updated.

# Not a target:
libft//ft_memmove.c:
#  Implicit rule search has been done.
#  Last modified 2022-07-17 09:30:13
#  File has been updated.
#  Successfully updated.
# variable set hash-table stats:
# Load=0/32=0%, Rehash=0, Collisions=0/0=0%

# Not a target:
libft//ft_strchr.c:
#  Implicit rule search has been done.
#  Last modified 2022-07-17 09:30:13
#  File has been updated.
#  Successfully updated.
# variable set hash-table stats:
# Load=0/32=0%, Rehash=0, Collisions=0/0=0%

# Not a target:
libft//ft_lstdelone.c:
#  Implicit rule search has been done.
#  Last modified 2022-07-17 09:30:13
#  File has been updated.
#  Successfully updated.
# variable set hash-table stats:
# Load=0/32=0%, Rehash=0, Collisions=0/0=0%

# Not a target:
main.c:
#  Implicit rule search has been done.
#  Last modified 2022-07-17 09:32:04
#  File has been updated.
#  Successfully updated.
# variable set hash-table stats:
# Load=0/32=0%, Rehash=0, Collisions=0/0=0%

cub3D: objs/main.o objs/gnl/get_next_line.o objs/gnl/get_next_line_utils.o objs/analyse_map/copy_map_to_array.o objs/analyse_map/check_format_map.o objs/analyse_map/init_array_map.o objs/analyse_map/init_texture_struct.o objs/analyse_map/get_color_image_texture.o objs/analyse_map/write_textures_to_struct.o objs/analyse_map/check_game_map.o objs/analyse_map/trim_game_map.o objs/analyse_map/checker_function.o objs/analyse_map/check_utils.o objs/analyse_map/ft_isspace.o objs/key_control/init_control_key.o objs/key_control/key_control.o objs/key_control/mouse_control.o objs/handling_errors.o objs/init_player.o objs/game.o objs/init_imgs.o objs/paint_engine.o objs/raycast_utils.o objs/raycast.o objs/draw_minimap.o objs/draw_sprites.o objs/find_pos_sprites.o libft/libft.a minilibx_macos/libmlx.a
#  Implicit rule search has not been done.
#  Last modified 2022-07-17 11:15:51
#  File has been updated.
#  Successfully updated.
# variable set hash-table stats:
# Load=0/32=0%, Rehash=0, Collisions=0/0=0%
#  commands to execute (from `Makefile', line 59):
	@$(CC) $(FLAGS) $(INCLUDES)  $(LIBRARIES) $(OBJECTS) -o $(NAME)
	@echo "\n$(MARK) $(NAME): $(GREEN)object files were created$(RESET)"
	@echo "$(MARK) $(NAME): $(GREEN)$(NAME) was created$(RESET)"
	

# Not a target:
libft//ft_toupper.c:
#  Implicit rule search has been done.
#  Last modified 2022-07-17 09:30:13
#  File has been updated.
#  Successfully updated.
# variable set hash-table stats:
# Load=0/32=0%, Rehash=0, Collisions=0/0=0%

objs/draw_sprites.o: draw_sprites.c cub3d.h gnl//get_next_line.h analyse_map//analyse_map.h
#  Implicit rule search has been done.
#  Implicit/static pattern stem: `draw_sprites'
#  Last modified 2022-07-17 11:15:51
#  File has been updated.
#  Successfully updated.
# variable set hash-table stats:
# Load=0/32=0%, Rehash=0, Collisions=0/0=0%
#  commands to execute (from `Makefile', line 64):
	@mkdir -p $(OBJS_DIR)
	@mkdir -p  $(DIR_SRC)
	$(CC) $(FLAGS) $(INCLUDES) -c $< -o $@
	

# Not a target:
libft//ft_strnstr.c:
#  Implicit rule search has been done.
#  Last modified 2022-07-17 09:30:13
#  File has been updated.
#  Successfully updated.
# variable set hash-table stats:
# Load=0/32=0%, Rehash=0, Collisions=0/0=0%

# Not a target:
libft//ft_putstr_fd.c:
#  Implicit rule search has been done.
#  Last modified 2022-07-17 09:30:13
#  File has been updated.
#  Successfully updated.
# variable set hash-table stats:
# Load=0/32=0%, Rehash=0, Collisions=0/0=0%

# Not a target:
handling_errors.c:
 
#  Implicit rule search has been done.
#  Last modified 2022-07-17 09:32:04
#  File has been updated.
#  Successfully updated.
# variable set hash-table stats:
# Load=0/32=0%, Rehash=0, Collisions=0/0=0%

# Not a target:
.SUFFIXES:
#  Implicit rule search has not been done.
#  Modification time never checked.
#  File has not been updated.

# Not a target:
gnl//get_next_line.h:
#  Implicit rule search has been done.
#  Last modified 2022-07-17 09:34:01
#  File has been updated.
#  Successfully updated.
# variable set hash-table stats:
# Load=0/32=0%, Rehash=0, Collisions=0/0=0%

# Not a target:
Makefile:
#  Implicit rule search has been done.
#  Last modified 2022-07-17 09:34:01
#  File has been updated.
#  Successfully updated.
# variable set hash-table stats:
# Load=0/32=0%, Rehash=0, Collisions=0/0=0%

# Not a target:
analyse_map/write_textures_to_struct.c:
#  Implicit rule search has been done.
#  Last modified 2022-07-17 09:30:13
#  File has been updated.
#  Successfully updated.
# variable set hash-table stats:
# Load=0/32=0%, Rehash=0, Collisions=0/0=0%

objs/analyse_map/write_textures_to_struct.o: analyse_map/write_textures_to_struct.c cub3d.h gnl//get_next_line.h analyse_map//analyse_map.h
#  Implicit rule search has been done.
#  Implicit/static pattern stem: `analyse_map/write_textures_to_struct'
#  Last modified 2022-07-17 11:15:51
#  File has been updated.
#  Successfully updated.
# variable set hash-table stats:
# Load=0/32=0%, Rehash=0, Collisions=0/0=0%
#  commands to execute (from `Makefile', line 64):
	@mkdir -p $(OBJS_DIR)
	@mkdir -p  $(DIR_SRC)
	$(CC) $(FLAGS) $(INCLUDES) -c $< -o $@
	

# Not a target:
analyse_map/get_color_image_texture.c:
#  Implicit rule search has been done.
#  Last modified 2022-07-17 09:30:13
#  File has been updated.
#  Successfully updated.
# variable set hash-table stats:
# Load=0/32=0%, Rehash=0, Collisions=0/0=0%

objs/analyse_map/get_color_image_texture.o: analyse_map/get_color_image_texture.c cub3d.h gnl//get_next_line.h analyse_map//analyse_map.h
#  Implicit rule search has been done.
#  Implicit/static pattern stem: `analyse_map/get_color_image_texture'
#  Last modified 2022-07-17 11:15:51
#  File has been updated.
#  Successfully updated.
# variable set hash-table stats:
# Load=0/32=0%, Rehash=0, Collisions=0/0=0%
#  commands to execute (from `Makefile', line 64):
	@mkdir -p $(OBJS_DIR)
	@mkdir -p  $(DIR_SRC)
	$(CC) $(FLAGS) $(INCLUDES) -c $< -o $@
	

# Not a target:
analyse_map/check_utils.c:
#  Implicit rule search has been done.
#  Last modified 2022-07-17 10:26:33
#  File has been updated.
#  Successfully updated.
# variable set hash-table stats:
# Load=0/32=0%, Rehash=0, Collisions=0/0=0%

# Not a target:
libft//ft_atoi.c:
#  Implicit rule search has been done.
#  Last modified 2022-07-17 09:30:13
#  File has been updated.
#  Successfully updated.
# variable set hash-table stats:
# Load=0/32=0%, Rehash=0, Collisions=0/0=0%

objs/analyse_map/check_utils.o: analyse_map/check_utils.c cub3d.h gnl//get_next_line.h analyse_map//analyse_map.h
#  Implicit rule search has been done.
#  Implicit/static pattern stem: `analyse_map/check_utils'
#  Last modified 2022-07-17 11:15:51
#  File has been updated.
#  Successfully updated.
# variable set hash-table stats:
# Load=0/32=0%, Rehash=0, Collisions=0/0=0%
#  commands to execute (from `Makefile', line 64):
	@mkdir -p $(OBJS_DIR)
	@mkdir -p  $(DIR_SRC)
	$(CC) $(FLAGS) $(INCLUDES) -c $< -o $@
	

objs/find_pos_sprites.o: find_pos_sprites.c cub3d.h gnl//get_next_line.h analyse_map//analyse_map.h
#  Implicit rule search has been done.
#  Implicit/static pattern stem: `find_pos_sprites'
#  Last modified 2022-07-17 11:15:51
#  File has been updated.
#  Successfully updated.
# variable set hash-table stats:
# Load=0/32=0%, Rehash=0, Collisions=0/0=0%
#  commands to execute (from `Makefile', line 64):
	@mkdir -p $(OBJS_DIR)
	@mkdir -p  $(DIR_SRC)
	$(CC) $(FLAGS) $(INCLUDES) -c $< -o $@
	

# Not a target:
libft//ft_strtrim.c:
#  Implicit rule search has been done.
#  Last modified 2022-07-17 09:30:13
#  File has been updated.
#  Successfully updated.
# variable set hash-table stats:
# Load=0/32=0%, Rehash=0, Collisions=0/0=0%

# Not a target:
libft//ft_isascii.c:
#  Implicit rule search has been done.
#  Last modified 2022-07-17 09:30:13
#  File has been updated.
#  Successfully updated.
# variable set hash-table stats:
# Load=0/32=0%, Rehash=0, Collisions=0/0=0%

# Not a target:
libft//ft_lstadd_back.c:
#  Implicit rule search has been done.
#  Last modified 2022-07-17 09:30:13
#  File has been updated.
#  Successfully updated.
# variable set hash-table stats:
# Load=0/32=0%, Rehash=0, Collisions=0/0=0%

# Not a target:
libft//ft_isalpha.c:
#  Implicit rule search has been done.
#  Last modified 2022-07-17 09:30:13
#  File has been updated.
#  Successfully updated.
# variable set hash-table stats:
# Load=0/32=0%, Rehash=0, Collisions=0/0=0%

# Not a target:
libft//ft_putendl_fd.c:
#  Implicit rule search has been done.
#  Last modified 2022-07-17 09:30:13
#  File has been updated.
#  Successfully updated.
# variable set hash-table stats:
# Load=0/32=0%, Rehash=0, Collisions=0/0=0%

# Not a target:
libft//ft_strmapi.c:
#  Implicit rule search has been done.
#  Last modified 2022-07-17 09:30:13
#  File has been updated.
#  Successfully updated.
# variable set hash-table stats:
# Load=0/32=0%, Rehash=0, Collisions=0/0=0%

# Not a target:
libft//ft_lstiter.c:
#  Implicit rule search has been done.
#  Last modified 2022-07-17 09:30:13
#  File has been updated.
#  Successfully updated.
# variable set hash-table stats:
# Load=0/32=0%, Rehash=0, Collisions=0/0=0%

# Not a target:
analyse_map/check_game_map.c:
#  Implicit rule search has been done.
#  Last modified 2022-07-17 11:11:17
#  File has been updated.
#  Successfully updated.
# variable set hash-table stats:
# Load=0/32=0%, Rehash=0, Collisions=0/0=0%

# Not a target:
libft//ft_strlcat.c:
#  Implicit rule search has been done.
#  Last modified 2022-07-17 09:30:13
#  File has been updated.
#  Successfully updated.
# variable set hash-table stats:
# Load=0/32=0%, Rehash=0, Collisions=0/0=0%

objs/init_imgs.o: init_imgs.c cub3d.h gnl//get_next_line.h analyse_map//analyse_map.h
#  Implicit rule search has been done.
#  Implicit/static pattern stem: `init_imgs'
#  Last modified 2022-07-17 11:15:51
#  File has been updated.
#  Successfully updated.
# variable set hash-table stats:
# Load=0/32=0%, Rehash=0, Collisions=0/0=0%
#  commands to execute (from `Makefile', line 64):
	@mkdir -p $(OBJS_DIR)
	@mkdir -p  $(DIR_SRC)
	$(CC) $(FLAGS) $(INCLUDES) -c $< -o $@
	

libft/libft.a: libft//ft_atoi.c libft//ft_bzero.c libft//ft_calloc.c libft//ft_isalnum.c libft//ft_isalpha.c libft//ft_isascii.c libft//ft_isdigit.c libft//ft_isdigit_and_sign.c libft//ft_isprint.c libft//ft_itoa.c libft//ft_lstadd_back.c libft//ft_lstadd_front.c libft//ft_lstclear.c libft//ft_lstdelone.c libft//ft_lstiter.c libft//ft_lstlast.c libft//ft_lstmap.c libft//ft_lstnew.c libft//ft_lstsize.c libft//ft_memchr.c libft//ft_memcmp.c libft//ft_memcpy.c libft//ft_memmove.c libft//ft_memset.c libft//ft_putchar_fd.c libft//ft_putendl_fd.c libft//ft_putnbr_fd.c libft//ft_putstr_fd.c libft//ft_split.c libft//ft_strchr.c libft//ft_strdup.c libft//ft_striteri.c libft//ft_strjoin.c libft//ft_strlcat.c libft//ft_strlcpy.c libft//ft_strlen.c libft//ft_strmapi.c libft//ft_strncmp.c libft//ft_strnstr.c libft//ft_strrchr.c libft//ft_strtrim.c libft//ft_substr.c libft//ft_tolower.c libft//ft_toupper.c libft//libft.h
#  Implicit rule search has not been done.
#  Last modified 2022-07-17 09:36:56
#  File has been updated.
#  Successfully updated.
# variable set hash-table stats:
# Load=0/32=0%, Rehash=0, Collisions=0/0=0%
#  commands to execute (from `Makefile', line 69):
	@echo "$(NAME): $(GREEN)Creating $(LIBFT)...$(RESET)"
	@$(MAKE) -sC $(LIBFT_DIRECTORY)
	

# Not a target:
analyse_map/ft_isspace.c:
#  Implicit rule search has been done.
#  Last modified 2022-07-17 09:32:04
#  File has been updated.
#  Successfully updated.
# variable set hash-table stats:
# Load=0/32=0%, Rehash=0, Collisions=0/0=0%

 
objs/analyse_map/ft_isspace.o: analyse_map/ft_isspace.c cub3d.h gnl//get_next_line.h analyse_map//analyse_map.h
#  Implicit rule search has been done.
#  Implicit/static pattern stem: `analyse_map/ft_isspace'
#  Last modified 2022-07-17 11:15:51
#  File has been updated.
#  Successfully updated.
# variable set hash-table stats:
# Load=0/32=0%, Rehash=0, Collisions=0/0=0%
#  commands to execute (from `Makefile', line 64):
	@mkdir -p $(OBJS_DIR)
	@mkdir -p  $(DIR_SRC)
	$(CC) $(FLAGS) $(INCLUDES) -c $< -o $@
	

bonus:
#  Phony target (prerequisite of .PHONY).
#  Implicit rule search has not been done.
#  File does not exist.
#  File has not been updated.

objs/analyse_map/check_game_map.o: analyse_map/check_game_map.c cub3d.h gnl//get_next_line.h analyse_map//analyse_map.h
#  Implicit rule search has been done.
#  Implicit/static pattern stem: `analyse_map/check_game_map'
#  Last modified 2022-07-17 11:15:51
#  File has been updated.
#  Successfully updated.
# variable set hash-table stats:
# Load=0/32=0%, Rehash=0, Collisions=0/0=0%
#  commands to execute (from `Makefile', line 64):
	@mkdir -p $(OBJS_DIR)
	@mkdir -p  $(DIR_SRC)
	$(CC) $(FLAGS) $(INCLUDES) -c $< -o $@
	

# Not a target:
libft//ft_memcpy.c:
#  Implicit rule search has been done.
#  Last modified 2022-07-17 09:30:13
#  File has been updated.
#  Successfully updated.
# variable set hash-table stats:
# Load=0/32=0%, Rehash=0, Collisions=0/0=0%

# Not a target:
libft//ft_itoa.c:
#  Implicit rule search has been done.
#  Last modified 2022-07-17 09:30:13
#  File has been updated.
#  Successfully updated.
# variable set hash-table stats:
# Load=0/32=0%, Rehash=0, Collisions=0/0=0%

fclean: clean
#  Phony target (prerequisite of .PHONY).
#  Implicit rule search has not been done.
#  File does not exist.
#  File has not been updated.
#  commands to execute (from `Makefile', line 83):
	@rm -rf $(NAME)
	@$(MAKE) -sC $(LIBFT_DIRECTORY) fclean
	@echo "$(CROSS) $(NAME) : $(RED)$(NAME) and $(BONUS_NAME) was deleted$(RESET)"
	

# Not a target:
libft//ft_memcmp.c:
#  Implicit rule search has been done.
#  Last modified 2022-07-17 09:30:13
#  File has been updated.
#  Successfully updated.
# variable set hash-table stats:
# Load=0/32=0%, Rehash=0, Collisions=0/0=0%

# Not a target:
find_pos_sprites.c:
#  Implicit rule search has been done.
#  Last modified 2022-07-17 09:35:41
#  File has been updated.
#  Successfully updated.
# variable set hash-table stats:
# Load=0/32=0%, Rehash=0, Collisions=0/0=0%

# Not a target:
libft//ft_strlen.c:
#  Implicit rule search has been done.
#  Last modified 2022-07-17 09:34:01
#  File has been updated.
#  Successfully updated.
# variable set hash-table stats:
# Load=0/32=0%, Rehash=0, Collisions=0/0=0%

# Not a target:
init_imgs.c:
#  Implicit rule search has been done.
#  Last modified 2022-07-17 11:10:19
#  File has been updated.
#  Successfully updated.
# variable set hash-table stats:
# Load=0/32=0%, Rehash=0, Collisions=0/0=0%

objs/init_player.o: init_player.c cub3d.h gnl//get_next_line.h analyse_map//analyse_map.h
#  Implicit rule search has been done.
#  Implicit/static pattern stem: `init_player'
#  Last modified 2022-07-17 11:15:51
#  File has been updated.
#  Successfully updated.
# variable set hash-table stats:
# Load=0/32=0%, Rehash=0, Collisions=0/0=0%
#  commands to execute (from `Makefile', line 64):
	@mkdir -p $(OBJS_DIR)
	@mkdir -p  $(DIR_SRC)
	$(CC) $(FLAGS) $(INCLUDES) -c $< -o $@
	

# Not a target:
analyse_map/trim_game_map.c:
#  Implicit rule search has been done.
#  Last modified 2022-07-17 09:30:13
#  File has been updated.
#  Successfully updated.
# variable set hash-table stats:
# Load=0/32=0%, Rehash=0, Collisions=0/0=0%

# Not a target:
libft//ft_isdigit.c:
#  Implicit rule search has been done.
#  Last modified 2022-07-17 09:30:13
#  File has been updated.
#  Successfully updated.
# variable set hash-table stats:
# Load=0/32=0%, Rehash=0, Collisions=0/0=0%

objs/analyse_map/trim_game_map.o: analyse_map/trim_game_map.c cub3d.h gnl//get_next_line.h analyse_map//analyse_map.h
#  Implicit rule search has been done.
#  Implicit/static pattern stem: `analyse_map/trim_game_map'
#  Last modified 2022-07-17 11:15:51
#  File has been updated.
#  Successfully updated.
# variable set hash-table stats:
# Load=0/32=0%, Rehash=0, Collisions=0/0=0%
#  commands to execute (from `Makefile', line 64):
	@mkdir -p $(OBJS_DIR)
	@mkdir -p  $(DIR_SRC)
	$(CC) $(FLAGS) $(INCLUDES) -c $< -o $@
	

objs/paint_engine.o: paint_engine.c cub3d.h gnl//get_next_line.h analyse_map//analyse_map.h
#  Implicit rule search has been done.
#  Implicit/static pattern stem: `paint_engine'
#  Last modified 2022-07-17 11:15:51
#  File has been updated.
#  Successfully updated.
# variable set hash-table stats:
# Load=0/32=0%, Rehash=0, Collisions=0/0=0%
#  commands to execute (from `Makefile', line 64):
	@mkdir -p $(OBJS_DIR)
	@mkdir -p  $(DIR_SRC)
	$(CC) $(FLAGS) $(INCLUDES) -c $< -o $@
	

# Not a target:
raycast_utils.c:
#  Implicit rule search has been done.
#  Last modified 2022-07-17 09:34:01
#  File has been updated.
#  Successfully updated.
# variable set hash-table stats:
# Load=0/32=0%, Rehash=0, Collisions=0/0=0%

# Not a target:
analyse_map/copy_map_to_array.c:
#  Implicit rule search has been done.
#  Last modified 2022-07-17 09:34:01
#  File has been updated.
#  Successfully updated.
# variable set hash-table stats:
# Load=0/32=0%, Rehash=0, Collisions=0/0=0%

# Not a target:
libft//ft_lstlast.c:
#  Implicit rule search has been done.
#  Last modified 2022-07-17 09:30:13
#  File has been updated.
#  Successfully updated.
# variable set hash-table stats:
# Load=0/32=0%, Rehash=0, Collisions=0/0=0%

objs/analyse_map/copy_map_to_array.o: analyse_map/copy_map_to_array.c cub3d.h gnl//get_next_line.h analyse_map//analyse_map.h
#  Implicit rule search has been done.
#  Implicit/static pattern stem: `analyse_map/copy_map_to_array'
#  Last modified 2022-07-17 11:15:51
#  File has been updated.
#  Successfully updated.
# variable set hash-table stats:
# Load=0/32=0%, Rehash=0, Collisions=0/0=0%
#  commands to execute (from `Makefile', line 64):
	@mkdir -p $(OBJS_DIR)
	@mkdir -p  $(DIR_SRC)
	$(CC) $(FLAGS) $(INCLUDES) -c $< -o $@
	

# Not a target:
libft//ft_memchr.c:
#  Implicit rule search has been done.
#  Last modified 2022-07-17 09:30:13
#  File has been updated.
#  Successfully updated.
# variable set hash-table stats:
# Load=0/32=0%, Rehash=0, Collisions=0/0=0%

# Not a target:
draw_sprites.c:
#  Implicit rule search has been done.
#  Last modified 2022-07-17 09:34:01
#  File has been updated.
#  Successfully updated.
# variable set hash-table stats:
# Load=0/32=0%, Rehash=0, Collisions=0/0=0%

# Not a target:
libft//ft_memset.c:
#  Implicit rule search has been done.
#  Last modified 2022-07-17 09:30:13
#  File has been updated.
#  Successfully updated.
# variable set hash-table stats:
# Load=0/32=0%, Rehash=0, Collisions=0/0=0%

# Not a target:
paint_engine.c:
#  Implicit rule search has been done.
#  Last modified 2022-07-17 09:34:01
#  File has been updated.
#  Successfully updated.
# variable set hash-table stats:
# Load=0/32=0%, Rehash=0, Collisions=0/0=0%

# Not a target:
analyse_map/init_texture_struct.c:
#  Implicit rule search has been done.
#  Last modified 2022-07-17 09:30:13
#  File has been updated.
#  Successfully updated.
# variable set hash-table stats:
# Load=0/32=0%, Rehash=0, Collisions=0/0=0%

objs/gnl/get_next_line_utils.o: gnl/get_next_line_utils.c cub3d.h gnl//get_next_line.h analyse_map//analyse_map.h
#  Implicit rule search has been done.
#  Implicit/static pattern stem: `gnl/get_next_line_utils'
#  Last modified 2022-07-17 11:15:50
#  File has been updated.
#  Successfully updated.
# variable set hash-table stats:
# Load=0/32=0%, Rehash=0, Collisions=0/0=0%
#  commands to execute (from `Makefile', line 64):
	@mkdir -p $(OBJS_DIR)
	@mkdir -p  $(DIR_SRC)
	$(CC) $(FLAGS) $(INCLUDES) -c $< -o $@
	

objs/analyse_map/init_texture_struct.o: analyse_map/init_texture_struct.c cub3d.h gnl//get_next_line.h analyse_map//analyse_map.h
#  Implicit rule search has been done.
#  Implicit/static pattern stem: `analyse_map/init_texture_struct'
 
#  Last modified 2022-07-17 11:15:51
#  File has been updated.
#  Successfully updated.
# variable set hash-table stats:
# Load=0/32=0%, Rehash=0, Collisions=0/0=0%
#  commands to execute (from `Makefile', line 64):
	@mkdir -p $(OBJS_DIR)
	@mkdir -p  $(DIR_SRC)
	$(CC) $(FLAGS) $(INCLUDES) -c $< -o $@
	

# Not a target:
libft//ft_tolower.c:
#  Implicit rule search has been done.
#  Last modified 2022-07-17 09:30:13
#  File has been updated.
#  Successfully updated.
# variable set hash-table stats:
# Load=0/32=0%, Rehash=0, Collisions=0/0=0%

# Not a target:
.DEFAULT:
#  Implicit rule search has not been done.
#  Modification time never checked.
#  File has not been updated.

# Not a target:
libft//ft_strrchr.c:
#  Implicit rule search has been done.
#  Last modified 2022-07-17 09:30:13
#  File has been updated.
#  Successfully updated.
# variable set hash-table stats:
# Load=0/32=0%, Rehash=0, Collisions=0/0=0%

# Not a target:
libft//ft_strjoin.c:
#  Implicit rule search has been done.
#  Last modified 2022-07-17 09:30:13
#  File has been updated.
#  Successfully updated.
# variable set hash-table stats:
# Load=0/32=0%, Rehash=0, Collisions=0/0=0%

objs/raycast_utils.o: raycast_utils.c cub3d.h gnl//get_next_line.h analyse_map//analyse_map.h
#  Implicit rule search has been done.
#  Implicit/static pattern stem: `raycast_utils'
#  Last modified 2022-07-17 11:15:51
#  File has been updated.
#  Successfully updated.
# variable set hash-table stats:
# Load=0/32=0%, Rehash=0, Collisions=0/0=0%
#  commands to execute (from `Makefile', line 64):
	@mkdir -p $(OBJS_DIR)
	@mkdir -p  $(DIR_SRC)
	$(CC) $(FLAGS) $(INCLUDES) -c $< -o $@
	

# Not a target:
libft//ft_split.c:
#  Implicit rule search has been done.
#  Last modified 2022-07-17 09:30:13
#  File has been updated.
#  Successfully updated.
# variable set hash-table stats:
# Load=0/32=0%, Rehash=0, Collisions=0/0=0%

# Not a target:
libft//ft_lstclear.c:
#  Implicit rule search has been done.
#  Last modified 2022-07-17 09:30:13
#  File has been updated.
#  Successfully updated.
# variable set hash-table stats:
# Load=0/32=0%, Rehash=0, Collisions=0/0=0%

objs/draw_minimap.o: draw_minimap.c cub3d.h gnl//get_next_line.h analyse_map//analyse_map.h
#  Implicit rule search has been done.
#  Implicit/static pattern stem: `draw_minimap'
#  Last modified 2022-07-17 11:15:51
#  File has been updated.
#  Successfully updated.
# variable set hash-table stats:
# Load=0/32=0%, Rehash=0, Collisions=0/0=0%
#  commands to execute (from `Makefile', line 64):
	@mkdir -p $(OBJS_DIR)
	@mkdir -p  $(DIR_SRC)
	$(CC) $(FLAGS) $(INCLUDES) -c $< -o $@
	

re: fclean all
#  Phony target (prerequisite of .PHONY).
#  Implicit rule search has not been done.
#  File does not exist.
#  File has not been updated.

clean:
#  Phony target (prerequisite of .PHONY).
#  Implicit rule search has not been done.
#  File does not exist.
#  File has not been updated.
#  commands to execute (from `Makefile', line 77):
	@$(MAKE) -C $(LIBFT_DIRECTORY) clean
	@$(MAKE) -C $(MINILIBX_DIRECTORY) clean
	@rm -rf $(OBJECTS) $(OBJS_DIR)
	@echo "$(NAME): $(RED)object files were deleted$(RESET)"
	

# Not a target:
libft//ft_bzero.c:
#  Implicit rule search has been done.
#  Last modified 2022-07-17 09:30:13
#  File has been updated.
#  Successfully updated.
# variable set hash-table stats:
# Load=0/32=0%, Rehash=0, Collisions=0/0=0%

# Not a target:
analyse_map/init_array_map.c:
#  Implicit rule search has been done.
#  Last modified 2022-07-17 09:30:13
#  File has been updated.
#  Successfully updated.
# variable set hash-table stats:
# Load=0/32=0%, Rehash=0, Collisions=0/0=0%

objs/analyse_map/init_array_map.o: analyse_map/init_array_map.c cub3d.h gnl//get_next_line.h analyse_map//analyse_map.h
#  Implicit rule search has been done.
#  Implicit/static pattern stem: `analyse_map/init_array_map'
#  Last modified 2022-07-17 11:15:51
#  File has been updated.
#  Successfully updated.
# variable set hash-table stats:
# Load=0/32=0%, Rehash=0, Collisions=0/0=0%
#  commands to execute (from `Makefile', line 64):
	@mkdir -p $(OBJS_DIR)
	@mkdir -p  $(DIR_SRC)
	$(CC) $(FLAGS) $(INCLUDES) -c $< -o $@
	

# Not a target:
libft//ft_isprint.c:
#  Implicit rule search has been done.
#  Last modified 2022-07-17 09:30:13
#  File has been updated.
#  Successfully updated.
# variable set hash-table stats:
# Load=0/32=0%, Rehash=0, Collisions=0/0=0%

# Not a target:
cub3d.h:
#  Implicit rule search has been done.
#  Last modified 2022-07-17 11:08:29
#  File has been updated.
#  Successfully updated.
# variable set hash-table stats:
# Load=0/32=0%, Rehash=0, Collisions=0/0=0%

# Not a target:
libft//ft_striteri.c:
#  Implicit rule search has been done.
#  Last modified 2022-07-17 09:30:13
#  File has been updated.
#  Successfully updated.
# variable set hash-table stats:
# Load=0/32=0%, Rehash=0, Collisions=0/0=0%

# Not a target:
libft//ft_isdigit_and_sign.c:
#  Implicit rule search has been done.
#  Last modified 2022-07-17 09:30:13
#  File has been updated.
#  Successfully updated.
# variable set hash-table stats:
# Load=0/32=0%, Rehash=0, Collisions=0/0=0%

# Not a target:
libft//ft_putchar_fd.c:
#  Implicit rule search has been done.
#  Last modified 2022-07-17 09:30:13
#  File has been updated.
#  Successfully updated.
# variable set hash-table stats:
# Load=0/32=0%, Rehash=0, Collisions=0/0=0%

# Not a target:
analyse_map//analyse_map.h:
#  Implicit rule search has been done.
#  Last modified 2022-07-17 09:34:01
#  File has been updated.
#  Successfully updated.
# variable set hash-table stats:
# Load=0/32=0%, Rehash=0, Collisions=0/0=0%

# Not a target:
libft//ft_lstnew.c:
#  Implicit rule search has been done.
#  Last modified 2022-07-17 09:30:13
#  File has been updated.
#  Successfully updated.
# variable set hash-table stats:
# Load=0/32=0%, Rehash=0, Collisions=0/0=0%

minilibx_macos/libmlx.a:
#  Implicit rule search has not been done.
#  Last modified 2022-07-17 09:30:50
#  File has been updated.
#  Successfully updated.
#  commands to execute (from `Makefile', line 73):
	@echo "$(NAME): $(GREEN)Creating $(MINILIBX)...$(RESET)"
	@$(MAKE) -C $(MINILIBX_DIRECTORY)
	

objs/game.o: game.c cub3d.h gnl//get_next_line.h analyse_map//analyse_map.h
#  Implicit rule search has been done.
#  Implicit/static pattern stem: `game'
#  Last modified 2022-07-17 11:15:51
#  File has been updated.
#  Successfully updated.
# variable set hash-table stats:
# Load=0/32=0%, Rehash=0, Collisions=0/0=0%
#  commands to execute (from `Makefile', line 64):
	@mkdir -p $(OBJS_DIR)
	@mkdir -p  $(DIR_SRC)
	$(CC) $(FLAGS) $(INCLUDES) -c $< -o $@
	

# Not a target:
libft//libft.h:
#  Implicit rule search has been done.
#  Last modified 2022-07-17 09:30:13
#  File has been updated.
#  Successfully updated.
# variable set hash-table stats:
# Load=0/32=0%, Rehash=0, Collisions=0/0=0%

# Not a target:
raycast.c:
#  Implicit rule search has been done.
#  Last modified 2022-07-17 09:34:01
#  File has been updated.
#  Successfully updated.
# variable set hash-table stats:
# Load=0/32=0%, Rehash=0, Collisions=0/0=0%

# Not a target:
 
libft//ft_putnbr_fd.c:
#  Implicit rule search has been done.
#  Last modified 2022-07-17 09:30:13
#  File has been updated.
#  Successfully updated.
# variable set hash-table stats:
# Load=0/32=0%, Rehash=0, Collisions=0/0=0%

objs/key_control/key_control.o: key_control/key_control.c cub3d.h gnl//get_next_line.h analyse_map//analyse_map.h
#  Implicit rule search has been done.
#  Implicit/static pattern stem: `key_control/key_control'
#  Last modified 2022-07-17 11:15:51
#  File has been updated.
#  Successfully updated.
# variable set hash-table stats:
# Load=0/32=0%, Rehash=0, Collisions=0/0=0%
#  commands to execute (from `Makefile', line 64):
	@mkdir -p $(OBJS_DIR)
	@mkdir -p  $(DIR_SRC)
	$(CC) $(FLAGS) $(INCLUDES) -c $< -o $@
	

objs/gnl/get_next_line.o: gnl/get_next_line.c cub3d.h gnl//get_next_line.h analyse_map//analyse_map.h
#  Implicit rule search has been done.
#  Implicit/static pattern stem: `gnl/get_next_line'
#  Last modified 2022-07-17 11:15:50
#  File has been updated.
#  Successfully updated.
# variable set hash-table stats:
# Load=0/32=0%, Rehash=0, Collisions=0/0=0%
#  commands to execute (from `Makefile', line 64):
	@mkdir -p $(OBJS_DIR)
	@mkdir -p  $(DIR_SRC)
	$(CC) $(FLAGS) $(INCLUDES) -c $< -o $@
	

# Not a target:
gnl/get_next_line_utils.c:
#  Implicit rule search has been done.
#  Last modified 2022-07-17 09:34:01
#  File has been updated.
#  Successfully updated.
# variable set hash-table stats:
# Load=0/32=0%, Rehash=0, Collisions=0/0=0%

# Not a target:
libft//ft_calloc.c:
#  Implicit rule search has been done.
#  Last modified 2022-07-17 09:30:13
#  File has been updated.
#  Successfully updated.
# variable set hash-table stats:
# Load=0/32=0%, Rehash=0, Collisions=0/0=0%

objs/handling_errors.o: handling_errors.c cub3d.h gnl//get_next_line.h analyse_map//analyse_map.h
#  Implicit rule search has been done.
#  Implicit/static pattern stem: `handling_errors'
#  Last modified 2022-07-17 11:15:51
#  File has been updated.
#  Successfully updated.
# variable set hash-table stats:
# Load=0/32=0%, Rehash=0, Collisions=0/0=0%
#  commands to execute (from `Makefile', line 64):
	@mkdir -p $(OBJS_DIR)
	@mkdir -p  $(DIR_SRC)
	$(CC) $(FLAGS) $(INCLUDES) -c $< -o $@
	

# Not a target:
analyse_map/checker_function.c:
#  Implicit rule search has been done.
#  Last modified 2022-07-17 11:14:27
#  File has been updated.
#  Successfully updated.
# variable set hash-table stats:
# Load=0/32=0%, Rehash=0, Collisions=0/0=0%

objs/analyse_map/checker_function.o: analyse_map/checker_function.c cub3d.h gnl//get_next_line.h analyse_map//analyse_map.h
#  Implicit rule search has been done.
#  Implicit/static pattern stem: `analyse_map/checker_function'
#  Last modified 2022-07-17 11:15:51
#  File has been updated.
#  Successfully updated.
# variable set hash-table stats:
# Load=0/32=0%, Rehash=0, Collisions=0/0=0%
#  commands to execute (from `Makefile', line 64):
	@mkdir -p $(OBJS_DIR)
	@mkdir -p  $(DIR_SRC)
	$(CC) $(FLAGS) $(INCLUDES) -c $< -o $@
	

objs/raycast.o: raycast.c cub3d.h gnl//get_next_line.h analyse_map//analyse_map.h
#  Implicit rule search has been done.
#  Implicit/static pattern stem: `raycast'
#  Last modified 2022-07-17 11:15:51
#  File has been updated.
#  Successfully updated.
# variable set hash-table stats:
# Load=0/32=0%, Rehash=0, Collisions=0/0=0%
#  commands to execute (from `Makefile', line 64):
	@mkdir -p $(OBJS_DIR)
	@mkdir -p  $(DIR_SRC)
	$(CC) $(FLAGS) $(INCLUDES) -c $< -o $@
	

# Not a target:
key_control/key_control.c:
#  Implicit rule search has been done.
#  Last modified 2022-07-17 09:34:01
#  File has been updated.
#  Successfully updated.
# variable set hash-table stats:
# Load=0/32=0%, Rehash=0, Collisions=0/0=0%

# Not a target:
libft//ft_lstsize.c:
#  Implicit rule search has been done.
#  Last modified 2022-07-17 09:30:13
#  File has been updated.
#  Successfully updated.
# variable set hash-table stats:
# Load=0/32=0%, Rehash=0, Collisions=0/0=0%

# files hash-table stats:
# Load=115/1024=11%, Rehash=0, Collisions=26/455=6%
# VPATH Search Paths

# No `vpath' search paths.

# No general (`VPATH' variable) search path.

# # of strings in strcache: 1
# # of strcache buffers: 1
# strcache size: total = 4096 / max = 4096 / min = 4096 / avg = 4096
# strcache free: total = 4087 / max = 4087 / min = 4087 / avg = 4087

# Finished Make data base on Mon Jul 18 11:47:53 2022

 
